<?xml version="1.0" encoding="UTF-8"?>
<!-- Generated by org.testng.reporters.JUnitXMLReporter -->
<testsuite hostname="DESKTOP-00TOGTN" ignored="0" name="Test" tests="6" failures="0" timestamp="2020-09-28T12:07:14 IST" time="0.164" errors="0">
  <testcase name="deleteTwitter" time="0.009" classname="rahulshettyacdemy.RestApiTest"/>
  <testcase name="postjira" time="0.0" classname="rahulshettyacdemy.RestApiTest"/>
  <testcase name="IOSApp" time="0.0" classname="rahulshettyacdemy.AppiumTest"/>
  <testcase name="nativeAppAndroid" time="0.002" classname="rahulshettyacdemy.AppiumTest"/>
  <testcase name="Browserautomation" time="0.001" classname="rahulshettyacdemy.SeleniumTest"/>
  <testcase name="elementsUi" time="0.001" classname="rahulshettyacdemy.SeleniumTest"/>
</testsuite> <!-- Test -->
