<?xml version="1.0" encoding="UTF-8"?>
<testng-results skipped="0" failed="0" ignored="0" total="6" passed="6">
  <reporter-output>
  </reporter-output>
  <suite name="Suite" duration-ms="164" started-at="2020-09-28T12:07:14 IST" finished-at="2020-09-28T12:07:14 IST">
    <groups>
    </groups>
    <test name="Test" duration-ms="164" started-at="2020-09-28T12:07:14 IST" finished-at="2020-09-28T12:07:14 IST">
      <class name="rahulshettyacdemy.RestApiTest">
        <test-method status="PASS" signature="deleteTwitter()[pri:0, instance:rahulshettyacdemy.RestApiTest@3b0143d3]" name="deleteTwitter" duration-ms="9" started-at="2020-09-28T12:07:14 IST" finished-at="2020-09-28T12:07:14 IST">
          <reporter-output>
          </reporter-output>
        </test-method> <!-- deleteTwitter -->
        <test-method status="PASS" signature="postjira()[pri:0, instance:rahulshettyacdemy.RestApiTest@3b0143d3]" name="postjira" duration-ms="0" started-at="2020-09-28T12:07:14 IST" finished-at="2020-09-28T12:07:14 IST">
          <reporter-output>
          </reporter-output>
        </test-method> <!-- postjira -->
      </class> <!-- rahulshettyacdemy.RestApiTest -->
      <class name="rahulshettyacdemy.SeleniumTest">
        <test-method status="PASS" signature="Browserautomation()[pri:0, instance:rahulshettyacdemy.SeleniumTest@4b4523f8]" name="Browserautomation" duration-ms="1" started-at="2020-09-28T12:07:14 IST" finished-at="2020-09-28T12:07:14 IST">
          <reporter-output>
          </reporter-output>
        </test-method> <!-- Browserautomation -->
        <test-method status="PASS" signature="elementsUi()[pri:0, instance:rahulshettyacdemy.SeleniumTest@4b4523f8]" name="elementsUi" duration-ms="1" started-at="2020-09-28T12:07:14 IST" finished-at="2020-09-28T12:07:14 IST">
          <reporter-output>
          </reporter-output>
        </test-method> <!-- elementsUi -->
      </class> <!-- rahulshettyacdemy.SeleniumTest -->
      <class name="rahulshettyacdemy.AppiumTest">
        <test-method status="PASS" signature="IOSApp()[pri:0, instance:rahulshettyacdemy.AppiumTest@5a8e6209]" name="IOSApp" duration-ms="0" started-at="2020-09-28T12:07:14 IST" finished-at="2020-09-28T12:07:14 IST">
          <reporter-output>
          </reporter-output>
        </test-method> <!-- IOSApp -->
        <test-method status="PASS" signature="nativeAppAndroid()[pri:0, instance:rahulshettyacdemy.AppiumTest@5a8e6209]" name="nativeAppAndroid" duration-ms="2" started-at="2020-09-28T12:07:14 IST" finished-at="2020-09-28T12:07:14 IST">
          <reporter-output>
          </reporter-output>
        </test-method> <!-- nativeAppAndroid -->
      </class> <!-- rahulshettyacdemy.AppiumTest -->
    </test> <!-- Test -->
  </suite> <!-- Suite -->
</testng-results>
